::1 - - [13/Oct/2023:05:40:03 +1000] "GET / HTTP/1.1" 200 72920
::1 - - [13/Oct/2023:05:40:03 +1000] "GET / HTTP/1.1" 200 72318
::1 - - [13/Oct/2023:05:41:03 +1000] "-" 408 -
::1 - - [13/Oct/2023:05:42:42 +1000] "GET /~vlad/Desktop/1.php HTTP/1.1" 404 196
::1 - - [13/Oct/2023:05:42:45 +1000] "GET / HTTP/1.1" 200 72083
::1 - - [13/Oct/2023:05:43:38 +1000] "GET / HTTP/1.1" 200 11226
::1 - - [13/Oct/2023:05:43:38 +1000] "GET /PagesCss/2L.css HTTP/1.1" 304 -
::1 - - [13/Oct/2023:05:44:38 +1000] "-" 408 -
::1 - - [13/Oct/2023:05:44:41 +1000] "GET / HTTP/1.1" 304 -
::1 - - [13/Oct/2023:05:44:44 +1000] "GET /Pages/7%20%D0%BB%D0%B0%D0%B1%D0%B0.html HTTP/1.1" 200 9822
::1 - - [13/Oct/2023:05:44:44 +1000] "GET /PagesCss/7L.css HTTP/1.1" 200 3501
::1 - - [13/Oct/2023:05:44:44 +1000] "GET /Pages/libs/bootstrap-reboot.min.css HTTP/1.1" 404 196
::1 - - [13/Oct/2023:05:44:44 +1000] "GET /Pages/script.js HTTP/1.1" 200 358
::1 - - [13/Oct/2023:05:44:44 +1000] "GET /Picture/pngwing.com.png HTTP/1.1" 200 26160
::1 - - [13/Oct/2023:05:44:44 +1000] "GET /Pages/libs/bootstrap-grid.min.css HTTP/1.1" 404 196
::1 - - [13/Oct/2023:05:44:44 +1000] "GET /Pages/css/styles.css HTTP/1.1" 404 196
::1 - - [13/Oct/2023:05:44:44 +1000] "GET /Picture/fotooboi-dinozavr-raptor-foto.jpg HTTP/1.1" 200 117415
::1 - - [13/Oct/2023:05:45:10 +1000] "GET /Pages/%D0%A0%D0%B5%D0%B7%D1%8E%D0%BC%D0%B5.HTML HTTP/1.1" 304 -
::1 - - [13/Oct/2023:05:45:10 +1000] "GET /PagesCss/%D0%A0%D0%B5%D0%B7%D1%8E%D0%BC%D1%83.css HTTP/1.1" 304 -
::1 - - [13/Oct/2023:05:45:10 +1000] "GET /js/main.js HTTP/1.1" 304 -
::1 - - [13/Oct/2023:05:45:13 +1000] "GET /Pages/2%20%D0%BB%D0%B0%D0%B1%D0%B0.HTML HTTP/1.1" 200 11226
::1 - - [13/Oct/2023:05:45:46 +1000] "GET /Pages/..Apache/Apache.html HTTP/1.1" 404 196
::1 - - [13/Oct/2023:05:45:58 +1000] "GET /Pages/2%20%D0%BB%D0%B0%D0%B1%D0%B0.HTML HTTP/1.1" 304 -
::1 - - [13/Oct/2023:05:46:54 +1000] "-" 408 -
::1 - - [13/Oct/2023:05:47:23 +1000] "GET / HTTP/1.1" 200 11118
::1 - - [13/Oct/2023:05:47:34 +1000] "GET /..Apache/Apache.html HTTP/1.1" 404 196
::1 - - [13/Oct/2023:05:47:42 +1000] "GET /Apache/Apache.html HTTP/1.1" 200 5690
::1 - - [13/Oct/2023:05:47:42 +1000] "GET /Apache/libs/bootstrap-reboot.min.css HTTP/1.1" 404 196
::1 - - [13/Oct/2023:05:47:42 +1000] "GET /Apache/libs/bootstrap-grid.min.css HTTP/1.1" 404 196
::1 - - [13/Oct/2023:05:47:42 +1000] "GET /Apache/css/styles.css HTTP/1.1" 404 196
::1 - - [13/Oct/2023:05:47:42 +1000] "GET /PagesCss/7L.css HTTP/1.1" 200 3501
::1 - - [13/Oct/2023:05:47:54 +1000] "GET / HTTP/1.1" 304 -
::1 - - [13/Oct/2023:05:47:56 +1000] "GET /..Apache/Apache.html HTTP/1.1" 404 196
::1 - - [13/Oct/2023:05:48:02 +1000] "GET / HTTP/1.1" 200 11119
::1 - - [13/Oct/2023:05:48:03 +1000] "GET /Apache/Apache.html HTTP/1.1" 200 5690
::1 - - [13/Oct/2023:05:48:03 +1000] "GET /Apache/libs/bootstrap-reboot.min.css HTTP/1.1" 404 196
::1 - - [13/Oct/2023:05:48:03 +1000] "GET /Apache/css/styles.css HTTP/1.1" 404 196
::1 - - [13/Oct/2023:05:48:03 +1000] "GET /Apache/libs/bootstrap-grid.min.css HTTP/1.1" 404 196
::1 - - [13/Oct/2023:05:48:03 +1000] "GET /PagesCss/7L.css HTTP/1.1" 200 3501
::1 - - [13/Oct/2023:05:50:43 +1000] "GET /Apache/Apache.html HTTP/1.1" 200 5690
::1 - - [13/Oct/2023:05:50:43 +1000] "GET /PagesCss/7L.css HTTP/1.1" 200 3501
::1 - - [13/Oct/2023:05:50:43 +1000] "GET /Apache/libs/bootstrap-reboot.min.css HTTP/1.1" 404 196
::1 - - [13/Oct/2023:05:50:43 +1000] "GET /Apache/libs/bootstrap-grid.min.css HTTP/1.1" 404 196
::1 - - [13/Oct/2023:05:50:43 +1000] "GET /Apache/css/styles.css HTTP/1.1" 404 196
::1 - - [13/Oct/2023:05:50:47 +1000] "POST /Prices.php HTTP/1.1" 404 196
::1 - - [13/Oct/2023:05:51:26 +1000] "POST /Prices.php HTTP/1.1" 404 196
::1 - - [13/Oct/2023:05:51:27 +1000] "GET /PagesCss/7L.css HTTP/1.1" 200 3501
::1 - - [13/Oct/2023:05:51:27 +1000] "GET /Apache/libs/bootstrap-reboot.min.css HTTP/1.1" 404 196
::1 - - [13/Oct/2023:05:51:27 +1000] "GET /Apache/libs/bootstrap-grid.min.css HTTP/1.1" 404 196
::1 - - [13/Oct/2023:05:51:27 +1000] "GET /Apache/css/styles.css HTTP/1.1" 404 196
::1 - - [13/Oct/2023:05:51:31 +1000] "GET /Apache/Apache.html HTTP/1.1" 200 5697
::1 - - [13/Oct/2023:05:51:31 +1000] "GET /PagesCss/7L.css HTTP/1.1" 200 3501
::1 - - [13/Oct/2023:05:51:31 +1000] "GET /Apache/libs/bootstrap-reboot.min.css HTTP/1.1" 404 196
::1 - - [13/Oct/2023:05:51:31 +1000] "GET /Apache/libs/bootstrap-grid.min.css HTTP/1.1" 404 196
::1 - - [13/Oct/2023:05:51:31 +1000] "GET /Apache/css/styles.css HTTP/1.1" 404 196
::1 - - [13/Oct/2023:05:51:32 +1000] "POST /Apache/Prices.php HTTP/1.1" 200 535
::1 - - [13/Oct/2023:05:51:57 +1000] "POST /Apache/Prices.php HTTP/1.1" 200 535
::1 - - [13/Oct/2023:05:51:58 +1000] "POST /Apache/Prices.php HTTP/1.1" 200 535
::1 - - [13/Oct/2023:05:51:59 +1000] "POST /Apache/Prices.php HTTP/1.1" 200 535
::1 - - [13/Oct/2023:05:52:00 +1000] "GET /PagesCss/7L.css HTTP/1.1" 200 3501
::1 - - [13/Oct/2023:05:52:00 +1000] "GET /Apache/libs/bootstrap-reboot.min.css HTTP/1.1" 404 196
::1 - - [13/Oct/2023:05:52:00 +1000] "GET /Apache/libs/bootstrap-grid.min.css HTTP/1.1" 404 196
::1 - - [13/Oct/2023:05:52:00 +1000] "GET /Apache/css/styles.css HTTP/1.1" 404 196
::1 - - [13/Oct/2023:05:52:01 +1000] "POST /Apache/Prices.php HTTP/1.1" 200 535
::1 - - [13/Oct/2023:05:52:19 +1000] "GET /Apache/Apache.html HTTP/1.1" 200 5617
::1 - - [13/Oct/2023:05:52:19 +1000] "GET /PagesCss/7L.css HTTP/1.1" 200 3501
::1 - - [13/Oct/2023:05:52:19 +1000] "GET /Apache/libs/bootstrap-reboot.min.css HTTP/1.1" 404 196
::1 - - [13/Oct/2023:05:52:19 +1000] "GET /Apache/libs/bootstrap-grid.min.css HTTP/1.1" 404 196
::1 - - [13/Oct/2023:05:52:19 +1000] "GET /Apache/css/styles.css HTTP/1.1" 404 196
::1 - - [13/Oct/2023:05:52:23 +1000] "POST /Apache/Prices.php HTTP/1.1" 200 535
::1 - - [13/Oct/2023:05:54:35 +1000] "POST /Apache/Prices.php HTTP/1.1" 200 535
::1 - - [13/Oct/2023:05:54:35 +1000] "GET /PagesCss/7L.css HTTP/1.1" 200 3501
::1 - - [13/Oct/2023:05:54:35 +1000] "GET /Apache/libs/bootstrap-reboot.min.css HTTP/1.1" 404 196
::1 - - [13/Oct/2023:05:54:35 +1000] "GET /Apache/css/styles.css HTTP/1.1" 404 196
::1 - - [13/Oct/2023:05:54:35 +1000] "GET /Apache/libs/bootstrap-grid.min.css HTTP/1.1" 404 196
::1 - - [13/Oct/2023:05:54:36 +1000] "GET /Apache/Apache.html HTTP/1.1" 200 5697
::1 - - [13/Oct/2023:05:54:36 +1000] "GET /Apache/libs/bootstrap-reboot.min.css HTTP/1.1" 404 196
::1 - - [13/Oct/2023:05:54:36 +1000] "GET /PagesCss/7L.css HTTP/1.1" 200 3501
::1 - - [13/Oct/2023:05:54:36 +1000] "GET /Apache/libs/bootstrap-grid.min.css HTTP/1.1" 404 196
::1 - - [13/Oct/2023:05:54:36 +1000] "GET /Apache/css/styles.css HTTP/1.1" 404 196
::1 - - [13/Oct/2023:05:54:37 +1000] "POST /Apache/Prices.php HTTP/1.1" 200 535
::1 - - [13/Oct/2023:05:56:44 +1000] "GET /Apache/libs/bootstrap-reboot.min.css HTTP/1.1" 404 196
::1 - - [13/Oct/2023:05:56:44 +1000] "GET /PagesCss/7L.css HTTP/1.1" 200 3501
::1 - - [13/Oct/2023:05:56:44 +1000] "GET /Apache/libs/bootstrap-grid.min.css HTTP/1.1" 404 196
::1 - - [13/Oct/2023:05:56:44 +1000] "GET /Apache/css/styles.css HTTP/1.1" 404 196
::1 - - [13/Oct/2023:05:56:45 +1000] "GET /Apache/Apache.html HTTP/1.1" 304 -
::1 - - [13/Oct/2023:05:56:45 +1000] "GET /PagesCss/7L.css HTTP/1.1" 200 3501
::1 - - [13/Oct/2023:05:56:45 +1000] "GET /Apache/libs/bootstrap-reboot.min.css HTTP/1.1" 404 196
::1 - - [13/Oct/2023:05:56:45 +1000] "GET /Apache/libs/bootstrap-grid.min.css HTTP/1.1" 404 196
::1 - - [13/Oct/2023:05:56:45 +1000] "GET /Apache/css/styles.css HTTP/1.1" 404 196
::1 - - [13/Oct/2023:05:56:46 +1000] "POST /Apache/Prices.php HTTP/1.1" 200 424
::1 - - [13/Oct/2023:05:56:56 +1000] "GET /PagesCss/7L.css HTTP/1.1" 200 3501
::1 - - [13/Oct/2023:05:56:56 +1000] "GET /Apache/libs/bootstrap-reboot.min.css HTTP/1.1" 404 196
::1 - - [13/Oct/2023:05:56:56 +1000] "GET /Apache/css/styles.css HTTP/1.1" 404 196
::1 - - [13/Oct/2023:05:56:56 +1000] "GET /Apache/libs/bootstrap-grid.min.css HTTP/1.1" 404 196
::1 - - [13/Oct/2023:05:57:34 +1000] "GET /Apache/Apache.html HTTP/1.1" 304 -
::1 - - [13/Oct/2023:05:57:34 +1000] "GET /PagesCss/7L.css HTTP/1.1" 200 3501
::1 - - [13/Oct/2023:05:57:34 +1000] "GET /Apache/libs/bootstrap-reboot.min.css HTTP/1.1" 404 196
::1 - - [13/Oct/2023:05:57:34 +1000] "GET /Apache/libs/bootstrap-grid.min.css HTTP/1.1" 404 196
::1 - - [13/Oct/2023:05:57:34 +1000] "GET /Apache/css/styles.css HTTP/1.1" 404 196
::1 - - [13/Oct/2023:05:57:35 +1000] "GET /PagesCss/7L.css HTTP/1.1" 200 3501
::1 - - [13/Oct/2023:05:57:35 +1000] "GET /Apache/libs/bootstrap-reboot.min.css HTTP/1.1" 404 196
::1 - - [13/Oct/2023:05:57:35 +1000] "GET /Apache/libs/bootstrap-grid.min.css HTTP/1.1" 404 196
::1 - - [13/Oct/2023:05:57:35 +1000] "GET /Apache/css/styles.css HTTP/1.1" 404 196
::1 - - [13/Oct/2023:05:57:37 +1000] "GET /Apache/libs/bootstrap-reboot.min.css HTTP/1.1" 404 196
::1 - - [13/Oct/2023:05:57:37 +1000] "GET /PagesCss/7L.css HTTP/1.1" 200 3501
::1 - - [13/Oct/2023:05:57:37 +1000] "GET /Apache/libs/bootstrap-grid.min.css HTTP/1.1" 404 196
::1 - - [13/Oct/2023:05:57:37 +1000] "GET /Apache/css/styles.css HTTP/1.1" 404 196
::1 - - [13/Oct/2023:05:58:53 +1000] "-" 408 -
::1 - - [13/Oct/2023:05:58:53 +1000] "-" 408 -
::1 - - [13/Oct/2023:05:59:42 +1000] "GET /Pages/3%20%D0%BB%D0%B0%D0%B1%D0%B0.HTML HTTP/1.1" 200 7191
::1 - - [13/Oct/2023:05:59:42 +1000] "GET /PagesCss/3l.css HTTP/1.1" 200 2146
::1 - - [13/Oct/2023:05:59:42 +1000] "GET /Picture/IMG_9487.PNG HTTP/1.1" 200 1163989
::1 - - [13/Oct/2023:05:59:42 +1000] "GET /Picture/%D0%A1%D0%B8%D0%B0%D0%BC%D1%81%D0%BA%D0%B8%D0%B5%20%D0%BA%D0%BE%D1%82%D1%8B/2.jpg HTTP/1.1" 200 91384
::1 - - [13/Oct/2023:05:59:42 +1000] "GET /Picture/%D0%A1%D0%B8%D0%B0%D0%BC%D1%81%D0%BA%D0%B8%D0%B5%20%D0%BA%D0%BE%D1%82%D1%8B/4.jpg HTTP/1.1" 200 67877
::1 - - [13/Oct/2023:05:59:42 +1000] "GET /Picture/%D0%A1%D0%B8%D0%B0%D0%BC%D1%81%D0%BA%D0%B8%D0%B5%20%D0%BA%D0%BE%D1%82%D1%8B/1.jpg HTTP/1.1" 200 204057
::1 - - [13/Oct/2023:05:59:42 +1000] "GET /Picture/%D0%A1%D0%B8%D0%B0%D0%BC%D1%81%D0%BA%D0%B8%D0%B5%20%D0%BA%D0%BE%D1%82%D1%8B/3.jpg HTTP/1.1" 200 176118
::1 - - [13/Oct/2023:06:00:42 +1000] "-" 408 -
::1 - - [13/Oct/2023:06:03:37 +1000] "GET /Pages/2%20%D0%BB%D0%B0%D0%B1%D0%B0.HTML HTTP/1.1" 200 11119
::1 - - [13/Oct/2023:06:04:37 +1000] "-" 408 -
::1 - - [13/Oct/2023:06:08:48 +1000] "GET /Apache/Apache.html HTTP/1.1" 304 -
::1 - - [13/Oct/2023:06:08:48 +1000] "GET /PagesCss/7L.css HTTP/1.1" 200 3501
::1 - - [13/Oct/2023:06:08:48 +1000] "GET /Apache/libs/bootstrap-reboot.min.css HTTP/1.1" 404 196
::1 - - [13/Oct/2023:06:08:48 +1000] "GET /Apache/libs/bootstrap-grid.min.css HTTP/1.1" 404 196
::1 - - [13/Oct/2023:06:08:48 +1000] "GET /Apache/css/styles.css HTTP/1.1" 404 196
::1 - - [13/Oct/2023:06:08:51 +1000] "POST /Apache/Prices.php HTTP/1.1" 200 424
::1 - - [13/Oct/2023:06:14:20 +1000] "GET /Apache/Apache.html HTTP/1.1" 304 -
::1 - - [13/Oct/2023:06:14:20 +1000] "GET /PagesCss/7L.css HTTP/1.1" 200 3501
::1 - - [13/Oct/2023:06:14:20 +1000] "GET /Apache/libs/bootstrap-reboot.min.css HTTP/1.1" 404 196
::1 - - [13/Oct/2023:06:14:20 +1000] "GET /Apache/css/styles.css HTTP/1.1" 404 196
::1 - - [13/Oct/2023:06:14:20 +1000] "GET /Apache/libs/bootstrap-grid.min.css HTTP/1.1" 404 196
::1 - - [13/Oct/2023:06:14:22 +1000] "POST /Apache/Prices.php HTTP/1.1" 200 424
::1 - - [13/Oct/2023:06:16:18 +1000] "GET /Apache/Apache.html HTTP/1.1" 304 -
::1 - - [13/Oct/2023:06:16:18 +1000] "GET /Apache/libs/bootstrap-reboot.min.css HTTP/1.1" 404 196
::1 - - [13/Oct/2023:06:16:18 +1000] "GET /PagesCss/7L.css HTTP/1.1" 200 3501
::1 - - [13/Oct/2023:06:16:18 +1000] "GET /Apache/libs/bootstrap-grid.min.css HTTP/1.1" 404 196
::1 - - [13/Oct/2023:06:16:18 +1000] "GET /Apache/css/styles.css HTTP/1.1" 404 196
::1 - - [13/Oct/2023:06:16:43 +1000] "GET /Pages/%D0%A0%D0%B5%D0%B7%D1%8E%D0%BC%D0%B5.HTML HTTP/1.1" 200 5048
::1 - - [13/Oct/2023:06:16:46 +1000] "GET /PagesCss/7L.css HTTP/1.1" 200 3501
::1 - - [13/Oct/2023:06:16:46 +1000] "GET /Apache/libs/bootstrap-reboot.min.css HTTP/1.1" 404 196
::1 - - [13/Oct/2023:06:16:46 +1000] "GET /Apache/libs/bootstrap-grid.min.css HTTP/1.1" 404 196
::1 - - [13/Oct/2023:06:16:46 +1000] "GET /Apache/css/styles.css HTTP/1.1" 404 196
::1 - - [13/Oct/2023:06:17:20 +1000] "GET /Apache/Apache.html HTTP/1.1" 304 -
::1 - - [13/Oct/2023:06:17:20 +1000] "GET /Apache/css/styles.css HTTP/1.1" 404 196
::1 - - [13/Oct/2023:06:17:20 +1000] "GET /PagesCss/7L.css HTTP/1.1" 200 3501
::1 - - [13/Oct/2023:06:17:20 +1000] "GET /Apache/libs/bootstrap-reboot.min.css HTTP/1.1" 404 196
::1 - - [13/Oct/2023:06:17:20 +1000] "GET /Apache/libs/bootstrap-grid.min.css HTTP/1.1" 404 196
::1 - - [13/Oct/2023:06:17:20 +1000] "GET /Apache/Apache.html HTTP/1.1" 304 -
::1 - - [13/Oct/2023:06:17:20 +1000] "GET /PagesCss/7L.css HTTP/1.1" 304 -
::1 - - [13/Oct/2023:06:17:20 +1000] "GET /Apache/libs/bootstrap-grid.min.css HTTP/1.1" 404 196
::1 - - [13/Oct/2023:06:17:20 +1000] "GET /Apache/css/styles.css HTTP/1.1" 404 196
::1 - - [13/Oct/2023:06:17:20 +1000] "GET /Apache/libs/bootstrap-reboot.min.css HTTP/1.1" 404 196
::1 - - [13/Oct/2023:06:17:21 +1000] "GET /Apache/Apache.html HTTP/1.1" 304 -
::1 - - [13/Oct/2023:06:17:21 +1000] "GET /PagesCss/7L.css HTTP/1.1" 200 3501
::1 - - [13/Oct/2023:06:17:21 +1000] "GET /Apache/libs/bootstrap-reboot.min.css HTTP/1.1" 404 196
::1 - - [13/Oct/2023:06:17:21 +1000] "GET /Apache/libs/bootstrap-grid.min.css HTTP/1.1" 404 196
::1 - - [13/Oct/2023:06:17:21 +1000] "GET /Apache/css/styles.css HTTP/1.1" 404 196
::1 - - [13/Oct/2023:06:17:21 +1000] "GET /Apache/Apache.html HTTP/1.1" 304 -
::1 - - [13/Oct/2023:06:17:21 +1000] "GET /Apache/libs/bootstrap-reboot.min.css HTTP/1.1" 404 196
::1 - - [13/Oct/2023:06:17:21 +1000] "GET /PagesCss/7L.css HTTP/1.1" 304 -
::1 - - [13/Oct/2023:06:17:21 +1000] "GET /Apache/libs/bootstrap-grid.min.css HTTP/1.1" 404 196
::1 - - [13/Oct/2023:06:17:21 +1000] "GET /Apache/css/styles.css HTTP/1.1" 404 196
::1 - - [13/Oct/2023:06:21:52 +1000] "GET /Apache/Apache.html HTTP/1.1" 304 -
::1 - - [13/Oct/2023:06:21:52 +1000] "GET /PagesCss/7L.css HTTP/1.1" 200 3501
::1 - - [13/Oct/2023:06:21:52 +1000] "GET /Apache/libs/bootstrap-reboot.min.css HTTP/1.1" 404 196
::1 - - [13/Oct/2023:06:21:52 +1000] "GET /Apache/libs/bootstrap-grid.min.css HTTP/1.1" 404 196
::1 - - [13/Oct/2023:06:21:52 +1000] "GET /Apache/css/styles.css HTTP/1.1" 404 196
::1 - - [13/Oct/2023:06:22:00 +1000] "GET / HTTP/1.1" 304 -
::1 - - [13/Oct/2023:06:22:17 +1000] "GET /PagesCss/7L.css HTTP/1.1" 200 3501
::1 - - [13/Oct/2023:06:22:17 +1000] "GET /Apache/libs/bootstrap-reboot.min.css HTTP/1.1" 404 196
::1 - - [13/Oct/2023:06:22:17 +1000] "GET /Apache/css/styles.css HTTP/1.1" 404 196
::1 - - [13/Oct/2023:06:22:17 +1000] "GET /Apache/libs/bootstrap-grid.min.css HTTP/1.1" 404 196
::1 - - [13/Oct/2023:06:22:27 +1000] "POST /Apache/Prices.php HTTP/1.1" 200 424
::1 - - [13/Oct/2023:06:26:13 +1000] "POST /Apache/Prices.php HTTP/1.1" 200 428
::1 - - [13/Oct/2023:06:26:23 +1000] "POST /Apache/Prices.php HTTP/1.1" 200 437
::1 - - [13/Oct/2023:06:26:34 +1000] "POST /Apache/Prices.php HTTP/1.1" 200 442
::1 - - [13/Oct/2023:06:26:52 +1000] "POST /Apache/Prices.php HTTP/1.1" 200 445
::1 - - [13/Oct/2023:06:27:00 +1000] "POST /Apache/Prices.php HTTP/1.1" 200 445
::1 - - [13/Oct/2023:06:27:10 +1000] "POST /Apache/Prices.php HTTP/1.1" 200 445
::1 - - [13/Oct/2023:06:42:24 +1000] "-" 408 -
::1 - - [13/Oct/2023:06:42:24 +1000] "-" 408 -
::1 - - [13/Oct/2023:07:26:39 +1000] "GET / HTTP/1.1" 304 -
::1 - - [13/Oct/2023:07:26:51 +1000] "GET /Apache/Apache.html HTTP/1.1" 304 -
::1 - - [13/Oct/2023:07:26:51 +1000] "GET /Apache/libs/bootstrap-reboot.min.css HTTP/1.1" 404 196
::1 - - [13/Oct/2023:07:26:51 +1000] "GET /PagesCss/7L.css HTTP/1.1" 200 3501
::1 - - [13/Oct/2023:07:26:51 +1000] "GET /Apache/css/styles.css HTTP/1.1" 404 196
::1 - - [13/Oct/2023:07:26:51 +1000] "GET /Apache/libs/bootstrap-grid.min.css HTTP/1.1" 404 196
::1 - - [13/Oct/2023:07:26:56 +1000] "POST /Apache/Prices.php HTTP/1.1" 200 445
::1 - - [13/Oct/2023:07:27:00 +1000] "POST /Apache/Prices.php HTTP/1.1" 200 445
::1 - - [13/Oct/2023:07:27:04 +1000] "POST /Apache/Prices.php HTTP/1.1" 200 445
::1 - - [13/Oct/2023:07:27:08 +1000] "POST /Apache/Prices.php HTTP/1.1" 200 444
::1 - - [13/Oct/2023:07:27:11 +1000] "POST /Apache/Prices.php HTTP/1.1" 200 445
::1 - - [13/Oct/2023:07:28:01 +1000] "GET /Apache/libs/bootstrap-reboot.min.css HTTP/1.1" 404 196
::1 - - [13/Oct/2023:07:28:01 +1000] "GET /PagesCss/7L.css HTTP/1.1" 200 3501
::1 - - [13/Oct/2023:07:28:01 +1000] "GET /Apache/libs/bootstrap-grid.min.css HTTP/1.1" 404 196
::1 - - [13/Oct/2023:07:28:01 +1000] "GET /Apache/css/styles.css HTTP/1.1" 404 196
::1 - - [13/Oct/2023:07:37:39 +1000] "GET /Pages/%D0%A1%D0%B0%D0%B9%D1%82%D0%A1%D0%9A%D0%B2%D0%B0%D0%B4%D1%80%D0%B0%D1%82%D0%B0%D0%BC%D0%B8.html HTTP/1.1" 200 4153
::1 - - [13/Oct/2023:07:37:39 +1000] "GET /PagesCss/%D0%A1%D0%B0%D0%B9%D1%82%D0%A1%D0%9A%D0%B2%D0%B0%D0%B4%D1%80%D0%B0%D1%82%D0%B0%D0%BC%D0%B8.css HTTP/1.1" 200 2357
::1 - - [13/Oct/2023:07:37:43 +1000] "GET /Pages/%D0%A1%D0%B0%D0%B9%D1%82%D0%A1%D0%9A%D0%B2%D0%B0%D0%B4%D1%80%D0%B0%D1%82%D0%B0%D0%BC%D0%B82.html HTTP/1.1" 200 4273
::1 - - [13/Oct/2023:07:37:43 +1000] "GET /PagesCss/%D0%A1%D0%B0%D0%B9%D1%82%D0%A1%D0%9A%D0%B2%D0%B0%D0%B4%D1%80%D0%B0%D1%82%D0%B0%D0%BC%D0%B82.css HTTP/1.1" 200 2830
::1 - - [13/Oct/2023:07:37:49 +1000] "GET /Pages/%D0%A1%D0%B0%D0%B9%D1%82%D0%A1%D0%9A%D0%B2%D0%B0%D0%B4%D1%80%D0%B0%D1%82%D0%B0%D0%BC%D0%B83.html HTTP/1.1" 200 5079
::1 - - [13/Oct/2023:07:37:49 +1000] "GET /PagesCss/%D0%A1%D0%B0%D0%B9%D1%82%D0%A1%D0%9A%D0%B2%D0%B0%D0%B4%D1%80%D0%B0%D1%82%D0%B0%D0%BC%D0%B83.css HTTP/1.1" 200 2198
